2024-12-09 08:15:18,905 - CRITICAL - !!! Critical Logic Error: variable 'newPlayer' is not 1 or 0! (It should be :/)
2024-12-09 08:24:00,102 - INFO - Initializing...
2024-12-09 08:24:00,103 - INFO - Save file found! Welcome back.
2024-12-09 08:24:17,581 - INFO - Initializing...
2024-12-09 08:24:17,582 - INFO - Save file found! Welcome back.
2024-12-09 08:24:17,587 - CRITICAL - !!! Critical Logic Error: variable 'newPlayer' is not 1 or 0! (It should be :/)
2024-12-09 08:24:45,157 - INFO - Initializing...
2024-12-09 08:24:45,158 - INFO - Save file found! Welcome back.
2024-12-09 08:38:36,032 - INFO - Initializing...
2024-12-09 08:40:01,046 - INFO - Initializing...
2024-12-09 08:40:01,062 - INFO - Save file found! Welcome back.
2024-12-09 08:41:01,487 - INFO - Initializing...
2024-12-09 08:41:01,504 - INFO - Save file found! Welcome back.
2024-12-09 08:41:55,041 - INFO - Initializing...
2024-12-09 08:41:55,045 - INFO - Save file found! Welcome back.
2024-12-09 08:46:01,668 - INFO - Initializing...
2024-12-09 08:47:05,767 - INFO - Initializing...
2024-12-09 08:47:05,769 - INFO - Save file found! Welcome back.
2024-12-09 08:58:33,170 - INFO - Initializing...
2024-12-09 08:58:33,176 - INFO - Save file found! Welcome back.
2024-12-09 08:58:55,766 - INFO - Initializing...
2024-12-09 08:58:55,772 - INFO - Save file found! Welcome back.
2024-12-09 08:59:06,154 - INFO - Initializing...
2024-12-09 08:59:06,169 - INFO - Save file found! Welcome back.
2024-12-09 09:00:35,294 - INFO - Initializing...
2024-12-09 09:00:35,295 - INFO - Welcome, new player (or deleter of save files)!
2024-12-09 09:01:03,898 - INFO - Initializing...
2024-12-09 09:01:03,900 - INFO - Save file found! Welcome back.
2024-12-09 09:05:36,608 - INFO - Initializing...
2024-12-09 09:05:36,609 - INFO - Save file found! Welcome back.
2024-12-09 09:05:58,425 - INFO - Initializing...
2024-12-09 09:05:58,427 - INFO - Save file found! Welcome back.
2024-12-09 09:22:42,514 - INFO - Initializing...
2024-12-09 09:23:31,361 - INFO - Initializing...
2024-12-09 09:23:31,363 - INFO - Welcome, new player (or deleter of save files)!
2024-12-09 09:24:02,067 - INFO - Initializing...
2024-12-09 09:24:02,069 - INFO - Welcome, new player (or deleter of save files)!
2024-12-09 09:24:19,213 - INFO - Initializing...
2024-12-09 09:24:19,215 - INFO - Welcome, new player (or deleter of save files)!
2024-12-09 09:38:29,401 - INFO - Initializing...
2024-12-09 09:38:29,402 - INFO - Welcome, new player (or deleter of save files)!
2024-12-09 09:47:28,045 - INFO - Initializing...
2024-12-09 09:47:28,047 - INFO - Welcome, new player (or deleter of save files)!
2024-12-09 09:50:09,439 - INFO - Initializing...
2024-12-09 09:50:09,441 - INFO - Welcome, new player (or deleter of save files)!
2024-12-09 09:53:28,835 - INFO - Initializing...
2024-12-09 09:53:28,837 - INFO - Welcome, new player (or deleter of save files)!
2024-12-09 12:08:45,010 - INFO - Initializing...
2024-12-09 12:08:45,011 - INFO - Welcome, new player (or deleter of save files)!
2024-12-09 12:21:28,179 - INFO - Initializing...
2024-12-09 12:21:28,181 - INFO - Welcome, new player (or deleter of save files)!
2024-12-09 12:29:43,199 - INFO - Initializing...
2024-12-09 12:29:43,201 - INFO - Welcome, new player (or deleter of save files)!
2024-12-09 13:50:23,790 - INFO - Initializing...
2024-12-09 13:50:23,791 - INFO - Welcome, new player (or deleter of save files)!
2024-12-09 13:50:57,318 - INFO - Initializing...
2024-12-09 13:50:57,319 - INFO - Welcome, new player (or deleter of save files)!
2024-12-09 13:51:21,899 - INFO - Initializing...
2024-12-09 13:51:21,901 - INFO - Welcome, new player (or deleter of save files)!
2024-12-09 13:55:12,993 - INFO - Initializing...
2024-12-09 13:55:12,995 - INFO - Welcome, new player (or deleter of save files)!
2024-12-09 13:57:48,929 - INFO - Initializing...
2024-12-09 13:57:48,930 - INFO - Welcome, new player (or deleter of save files)!
2024-12-09 13:58:38,360 - INFO - Initializing...
2024-12-09 13:58:38,361 - INFO - Welcome, new player (or deleter of save files)!
2024-12-09 14:00:01,458 - INFO - Initializing...
2024-12-09 14:00:01,460 - INFO - Welcome, new player (or deleter of save files)!
2024-12-09 14:01:56,236 - INFO - Initializing...
2024-12-09 14:01:56,239 - INFO - Welcome, new player (or deleter of save files)!
2024-12-09 14:02:35,276 - INFO - Initializing...
2024-12-09 14:02:35,284 - INFO - Welcome, new player (or deleter of save files)!
2024-12-09 14:03:59,745 - INFO - Initializing...
2024-12-09 14:03:59,749 - INFO - Welcome, new player (or deleter of save files)!
2024-12-09 14:07:08,588 - INFO - Initializing...
2024-12-09 14:07:08,590 - INFO - Welcome, new player (or deleter of save files)!
2024-12-09 14:08:48,065 - INFO - Initializing...
2024-12-09 14:08:48,067 - INFO - Welcome, new player (or deleter of save files)!
2024-12-09 14:12:19,047 - INFO - Initializing...
2024-12-09 14:12:19,049 - INFO - Welcome, new player (or deleter of save files)!
2024-12-09 14:14:22,216 - INFO - Initializing...
2024-12-09 14:14:22,218 - INFO - Welcome, new player (or deleter of save files)!
2024-12-09 14:22:12,428 - INFO - Initializing...
2024-12-09 14:22:12,429 - INFO - Welcome, new player (or deleter of save files)!
2024-12-09 14:29:51,737 - INFO - Initializing...
2024-12-09 14:29:51,740 - INFO - Welcome, new player (or deleter of save files)!
2024-12-09 14:30:51,264 - INFO - Initializing...
2024-12-09 14:30:51,267 - INFO - Welcome, new player (or deleter of save files)!
2024-12-09 20:37:58,265 - INFO - Initializing...
2024-12-09 20:37:58,267 - INFO - Welcome, new player (or deleter of save files)!
2024-12-09 20:38:29,663 - INFO - Initializing...
2024-12-09 20:38:29,665 - INFO - Welcome, new player (or deleter of save files)!
2024-12-09 20:40:19,358 - INFO - Initializing...
2024-12-09 20:40:19,360 - INFO - Welcome, new player (or deleter of save files)!
2024-12-09 20:50:37,147 - INFO - Initializing...
2024-12-09 20:50:37,148 - INFO - Welcome, new player (or deleter of save files)!
2024-12-09 20:51:41,633 - INFO - Initializing...
2024-12-09 20:51:41,637 - INFO - Welcome, new player (or deleter of save files)!
2024-12-09 21:03:19,182 - INFO - Initializing...
2024-12-09 21:03:19,185 - INFO - Welcome, new player (or deleter of save files)!
2024-12-09 21:09:14,580 - INFO - Initializing...
2024-12-09 21:09:14,582 - INFO - Welcome, new player (or deleter of save files)!
2024-12-09 21:09:59,655 - INFO - Initializing...
2024-12-09 21:09:59,656 - INFO - Welcome, new player (or deleter of save files)!
2024-12-09 21:10:18,721 - CRITICAL - !!! Critical Dumbass Error: You need to choose one of the options given
2024-12-09 21:10:59,163 - CRITICAL - !!! Critical Dumbass Error: You need to choose one of the options given
2024-12-09 21:11:06,720 - INFO - Initializing...
2024-12-09 21:11:06,722 - INFO - Welcome, new player (or deleter of save files)!
2024-12-09 21:19:02,633 - INFO - Initializing...
2024-12-09 21:19:02,636 - INFO - Welcome, new player (or deleter of save files)!
2024-12-09 21:19:25,377 - CRITICAL - !!! Critical Dumbass Error: You need to choose one of the options given!
2024-12-10 07:37:07,569 - CRITICAL - !!! Critical Dumbass Error: You need to choose one of the options given!
2024-12-10 07:38:02,500 - INFO - Initializing...
2024-12-10 07:38:02,500 - INFO - Welcome, new player (or deleter of save files)!
2024-12-10 07:38:47,437 - CRITICAL - !!! Critical Dumbass Error: You need to choose one of the options given!
2024-12-10 07:38:51,721 - CRITICAL - !!! Critical Dumbass Error: You need to choose one of the options given!
2024-12-10 07:42:41,818 - INFO - Initializing...
2024-12-10 07:42:41,819 - INFO - Welcome, new player (or deleter of save files)!
2024-12-10 07:44:51,185 - INFO - Initializing...
2024-12-10 07:44:51,186 - INFO - Welcome, new player (or deleter of save files)!
2024-12-10 12:23:44,762 - INFO - Initializing...
2024-12-10 12:23:44,765 - INFO - Welcome, new player (or deleter of save files)!
2024-12-10 12:24:08,137 - INFO - Initializing...
2024-12-10 12:24:08,138 - INFO - Welcome, new player (or deleter of save files)!
2024-12-10 12:25:11,365 - INFO - Initializing...
2024-12-10 12:25:11,368 - INFO - Welcome, new player (or deleter of save files)!
